time="2023-12-20T10:13:58+04:00" level=info msg="Bu bir bilgi mesajıdır."
time="2023-12-20T10:51:20+04:00" level=info msg="Bu bir bilgi mesajıdır."
time="2023-12-20T11:23:41+04:00" level=info msg="Bu bir bilgi mesajıdır."
time="2023-12-20T12:34:45+04:00" level=info msg="Bu bir bilgi mesajıdır."
time="2023-12-20T12:36:43+04:00" level=info msg="Bu bir bilgi mesajıdır."
time="2023-12-20T12:55:21+04:00" level=info msg="Bu bir bilgi mesajıdır."
time="2023-12-20T13:17:13+04:00" level=info msg="Bu bir bilgi mesajıdır."
time="2023-12-20T13:17:21+04:00" level=warning msg="No books found for category ID:4" action="Retrieving books by category" error="No books found" module=book_repository
time="2023-12-20T13:17:21+04:00" level=error msg="Error in getBooksByCategoryHandler" action="Retrieving books by category" error="No books found for category ID: 4" module=book_handler
time="2023-12-20T13:26:28+04:00" level=warning msg="No books found for category ID:3" action="Retrieving books by category" error="No books found" module=book_repository
time="2023-12-20T13:26:28+04:00" level=error msg="Error in getBooksByCategoryHandler" action="Retrieving books by category" error="No books found for category ID: 3" module=book_handler
time="2023-12-20T13:27:02+04:00" level=warning msg="No books found for category ID:2" action="Retrieving books by category" error="No books found" module=book_repository
time="2023-12-20T13:27:02+04:00" level=error msg="Error in getBooksByCategoryHandler" action="Retrieving books by category" error="No books found for category ID: 2" module=book_handler
time="2023-12-20T14:05:55+04:00" level=info msg="Bu bir bilgi mesajıdır."
time="2023-12-20T14:14:03+04:00" level=info msg="Bu bir bilgi mesajıdır."
time="2023-12-20T14:19:34+04:00" level=info msg="Bu bir bilgi mesajıdır."
time="2023-12-20T14:20:27+04:00" level=info msg="Bu bir bilgi mesajıdır."
time="2023-12-20T14:26:46+04:00" level=info msg="Bu bir bilgi mesajıdır."
time="2023-12-20T14:28:11+04:00" level=error msg="Error in getBookByIDHandler" action="Retrieving book by ID" error="Book not Founded:4" module=book_handler
time="2023-12-20T14:42:29+04:00" level=warning msg="No books found for category ID:2" action="Retrieving books by category" error="No books found" module=book_repository
time="2023-12-20T14:42:29+04:00" level=error msg="Error in getBooksByCategoryHandler" action="Retrieving books by category" error="No books found for category ID: 2" module=book_handler
time="2023-12-20T14:42:32+04:00" level=warning msg="No books found for category ID:3" action="Retrieving books by category" error="No books found" module=book_repository
time="2023-12-20T14:42:32+04:00" level=error msg="Error in getBooksByCategoryHandler" action="Retrieving books by category" error="No books found for category ID: 3" module=book_handler
time="2023-12-20T15:14:52+04:00" level=error msg="Error in getBookByIDHandler" action="Retrieving book by ID" error="Book not Founded:4" module=book_handler
time="2023-12-20T15:14:54+04:00" level=error msg="Error in getBookByIDHandler" action="Retrieving book by ID" error="Book not Founded:3" module=book_handler
time="2023-12-20T15:14:56+04:00" level=error msg="Error in getBookByIDHandler" action="Retrieving book by ID" error="Book not Founded:35" module=book_handler
time="2023-12-22T23:59:28+04:00" level=info msg="Bu bir bilgi mesajıdır."
time="2023-12-23T00:10:57+04:00" level=info msg="Bu bir bilgi mesajıdır."
time="2023-12-23T00:15:17+04:00" level=info msg="Bu bir bilgi mesajıdır."
time="2023-12-23T09:11:57+04:00" level=info msg="Bu bir bilgi mesajıdır."
time="2023-12-23T12:17:18+04:00" level=info msg="Bu bir bilgi mesajıdır."
time="2023-12-23T19:06:22+04:00" level=info msg="Bu bir bilgi mesajıdır."
time="2023-12-23T22:41:00+04:00" level=info msg="Bu bir bilgi mesajıdır."
time="2023-12-23T23:03:56+04:00" level=info msg="Bu bir bilgi mesajıdır."
time="2023-12-23T23:30:59+04:00" level=info msg="Bu bir bilgi mesajıdır."
time="2023-12-23T23:34:31+04:00" level=error msg="No books found for the specified language" language=turkish
time="2023-12-23T23:34:46+04:00" level=error msg="No books found for the specified language" language=azerbaijani
time="2023-12-24T00:57:40+04:00" level=info msg="Bu bir bilgi mesajıdır."
time="2023-12-24T00:58:02+04:00" level=warning msg="No books found for the specified language" language=turkish module=book_repository
time="2023-12-24T00:58:02+04:00" level=error msg="Error in getBooksByLanguageHandler" action="Retrieving books by language" error="no books found for the specified language: turkish" language=turkish module=book_handler
time="2023-12-24T00:58:50+04:00" level=warning msg="No books found for the specified language" language=english module=book_repository
time="2023-12-24T00:58:50+04:00" level=error msg="Error in getBooksByLanguageHandler" action="Retrieving books by language" error="no books found for the specified language: english" language=english module=book_handler
time="2023-12-24T00:58:52+04:00" level=warning msg="No books found for the specified language" language=russian module=book_repository
time="2023-12-24T00:58:52+04:00" level=error msg="Error in getBooksByLanguageHandler" action="Retrieving books by language" error="no books found for the specified language: russian" language=russian module=book_handler
time="2023-12-24T00:59:00+04:00" level=warning msg="No books found for the specified language" language=russian module=book_repository
time="2023-12-24T00:59:00+04:00" level=error msg="Error in getBooksByLanguageHandler" action="Retrieving books by language" error="no books found for the specified language: russian" language=russian module=book_handler
time="2023-12-24T00:59:01+04:00" level=warning msg="No books found for the specified language" language=turkish module=book_repository
time="2023-12-24T00:59:01+04:00" level=error msg="Error in getBooksByLanguageHandler" action="Retrieving books by language" error="no books found for the specified language: turkish" language=turkish module=book_handler
time="2023-12-24T08:31:09+04:00" level=warning msg="No books found for the specified language" language=turkish module=book_repository
time="2023-12-24T08:31:09+04:00" level=error msg="Error in getBooksByLanguageHandler" action="Retrieving books by language" error="no books found for the specified language: turkish" language=turkish module=book_handler
time="2023-12-24T08:44:44+04:00" level=warning msg="No books found for the specified language" language=turkish module=book_repository
time="2023-12-24T08:44:44+04:00" level=error msg="Error in getBooksByLanguageHandler" action="Retrieving books by language" error="no books found for the specified language: turkish" language=turkish module=book_handler
time="2023-12-24T09:45:43+04:00" level=warning msg="No books found for the specified language" language=turkish module=book_repository
time="2023-12-24T09:45:44+04:00" level=error msg="Error in getBooksByLanguageHandler" action="Retrieving books by language" error="no books found for the specified language: turkish" language=turkish module=book_handler
time="2023-12-24T09:46:27+04:00" level=warning msg="No books found for the specified language" language=turkish module=book_repository
time="2023-12-24T09:46:27+04:00" level=error msg="Error in getBooksByLanguageHandler" action="Retrieving books by language" error="no books found for the specified language: turkish" language=turkish module=book_handler
time="2023-12-24T09:46:30+04:00" level=warning msg="No books found for the specified language" language=english module=book_repository
time="2023-12-24T09:46:30+04:00" level=error msg="Error in getBooksByLanguageHandler" action="Retrieving books by language" error="no books found for the specified language: english" language=english module=book_handler
time="2023-12-24T09:46:46+04:00" level=warning msg="No books found for the specified language" language=turkish module=book_repository
time="2023-12-24T09:46:46+04:00" level=error msg="Error in getBooksByLanguageHandler" action="Retrieving books by language" error="no books found for the specified language: turkish" language=turkish module=book_handler
time="2023-12-24T09:52:55+04:00" level=warning msg="No books found for the specified language" language=turkish module=book_repository
time="2023-12-24T09:52:55+04:00" level=error msg="Error in getBooksByLanguageHandler" action="Retrieving books by language" error="no books found for the specified language: turkish" language=turkish module=book_handler
time="2023-12-24T09:52:59+04:00" level=warning msg="No books found for the specified language" language=english module=book_repository
time="2023-12-24T09:52:59+04:00" level=error msg="Error in getBooksByLanguageHandler" action="Retrieving books by language" error="no books found for the specified language: english" language=english module=book_handler
time="2023-12-24T10:11:44+04:00" level=warning msg="No books found for the specified language" language=turkish module=book_repository
time="2023-12-24T10:11:44+04:00" level=error msg="Error in getBooksByLanguageHandler" action="Retrieving books by language" error="no books found for the specified language: turkish" language=turkish module=book_handler
time="2023-12-24T10:50:59+04:00" level=warning msg="No books found for the specified language" language=turkish module=book_repository
time="2023-12-24T10:50:59+04:00" level=error msg="Error in getBooksByLanguageHandler" action="Retrieving books by language" error="no books found for the specified language: turkish" language=turkish module=book_handler
time="2023-12-24T10:51:08+04:00" level=warning msg="No books found for the specified language" language=english module=book_repository
time="2023-12-24T10:51:08+04:00" level=error msg="Error in getBooksByLanguageHandler" action="Retrieving books by language" error="no books found for the specified language: english" language=english module=book_handler
time="2023-12-24T10:51:12+04:00" level=warning msg="No books found for the specified language" language=english module=book_repository
time="2023-12-24T10:51:12+04:00" level=error msg="Error in getBooksByLanguageHandler" action="Retrieving books by language" error="no books found for the specified language: english" language=english module=book_handler
time="2023-12-24T11:09:57+04:00" level=warning msg="No books found for the specified language" language=turkish module=book_repository
time="2023-12-24T11:09:57+04:00" level=error msg="Error in getBooksByLanguageHandler" action="Retrieving books by language" error="no books found for the specified language: turkish" language=turkish module=book_handler
time="2023-12-24T11:10:11+04:00" level=warning msg="No books found for the specified language" language=azed module=book_repository
time="2023-12-24T11:10:11+04:00" level=error msg="Error in getBooksByLanguageHandler" action="Retrieving books by language" error="no books found for the specified language: azed" language=azed module=book_handler
time="2023-12-24T11:13:09+04:00" level=warning msg="No books found for the specified language" language=english module=book_repository
time="2023-12-24T11:13:09+04:00" level=error msg="Error in getBooksByLanguageHandler" action="Retrieving books by language" error="no books found for the specified language: english" language=english module=book_handler
time="2023-12-24T11:23:29+04:00" level=warning msg="No books found for the specified language" language=turkish module=book_repository
time="2023-12-24T11:23:29+04:00" level=error msg="Error in getBooksByLanguageHandler" action="Retrieving books by language" error="no books found for the specified language: turkish" language=turkish module=book_handler
time="2023-12-24T11:23:48+04:00" level=warning msg="No books found for the specified language" language=turkish module=book_repository
time="2023-12-24T11:23:48+04:00" level=error msg="Error in getBooksByLanguageHandler" action="Retrieving books by language" error="no books found for the specified language: turkish" language=turkish module=book_handler
time="2023-12-24T11:24:00+04:00" level=warning msg="No books found for the specified language" language=english module=book_repository
time="2023-12-24T11:24:00+04:00" level=error msg="Error in getBooksByLanguageHandler" action="Retrieving books by language" error="no books found for the specified language: english" language=english module=book_handler
time="2023-12-24T11:26:18+04:00" level=warning msg="No books found for the specified language" language=turkish module=book_repository
time="2023-12-24T11:26:18+04:00" level=error msg="Error in getBooksByLanguageHandler" action="Retrieving books by language" error="no books found for the specified language: turkish" language=turkish module=book_handler
time="2023-12-24T11:27:39+04:00" level=warning msg="No books found for the specified language" language=english module=book_repository
time="2023-12-24T11:27:39+04:00" level=error msg="Error in getBooksByLanguageHandler" action="Retrieving books by language" error="no books found for the specified language: english" language=english module=book_handler
time="2023-12-24T11:27:40+04:00" level=warning msg="No books found for the specified language" language=turkish module=book_repository
time="2023-12-24T11:27:40+04:00" level=error msg="Error in getBooksByLanguageHandler" action="Retrieving books by language" error="no books found for the specified language: turkish" language=turkish module=book_handler
time="2023-12-24T11:27:48+04:00" level=warning msg="No books found for the specified language" language=turkish module=book_repository
time="2023-12-24T11:27:48+04:00" level=error msg="Error in getBooksByLanguageHandler" action="Retrieving books by language" error="no books found for the specified language: turkish" language=turkish module=book_handler
time="2023-12-24T11:27:55+04:00" level=warning msg="No books found for the specified language" language=english module=book_repository
time="2023-12-24T11:27:55+04:00" level=error msg="Error in getBooksByLanguageHandler" action="Retrieving books by language" error="no books found for the specified language: english" language=english module=book_handler
time="2023-12-24T11:41:32+04:00" level=warning msg="No books found for the specified language" language=turkish module=book_repository
time="2023-12-24T11:41:32+04:00" level=error msg="Error in getBooksByLanguageHandler" action="Retrieving books by language" error="no books found for the specified language: turkish" language=turkish module=book_handler
time="2023-12-24T11:54:22+04:00" level=warning msg="No books found for the specified language" language=turkish module=book_repository
time="2023-12-24T11:54:22+04:00" level=error msg="Error in getBooksByLanguageHandler" action="Retrieving books by language" error="no books found for the specified language: turkish" language=turkish module=book_handler
time="2023-12-24T12:06:31+04:00" level=warning msg="No books found for the specified language" language=turkish module=book_repository
time="2023-12-24T12:06:31+04:00" level=error msg="Error in getBooksByLanguageHandler" action="Retrieving books by language" error="no books found for the specified language: turkish" language=turkish module=book_handler
time="2023-12-24T12:07:11+04:00" level=warning msg="No books found for the specified language" language=turkish module=book_repository
time="2023-12-24T12:07:11+04:00" level=error msg="Error in getBooksByLanguageHandler" action="Retrieving books by language" error="no books found for the specified language: turkish" language=turkish module=book_handler
{"level":"info","msg":"Bu bir bilgi mesajıdır.","time":"2023-12-24T14:34:36+04:00"}
{"level":"info","msg":"Bu bir bilgi mesajıdır.","time":"2023-12-24T14:36:16+04:00"}
{"action":"Retrieving books by category","error":"No books found","level":"warning","module":"book_repository","msg":"No books found for category ID:3","time":"2023-12-24T14:38:38+04:00"}
{"action":"Retrieving books by category","error":"No books found for category ID: 3","level":"error","module":"book_handler","msg":"Error in getBooksByCategoryHandler","time":"2023-12-24T14:38:38+04:00"}
{"action":"Retrieving books by category","error":"No books found","level":"warning","module":"book_repository","msg":"No books found for category ID:3","time":"2023-12-24T14:39:23+04:00"}
{"action":"Retrieving books by category","error":"No books found for category ID: 3","level":"error","module":"book_handler","msg":"Error in getBooksByCategoryHandler","time":"2023-12-24T14:39:23+04:00"}
{"action":"Retrieving books by category","error":"No books found","level":"warning","module":"book_repository","msg":"No books found for category ID:3","time":"2023-12-24T14:43:32+04:00"}
{"action":"Retrieving books by category","error":"No books found for category ID: 3","level":"error","module":"book_handler","msg":"Error in getBooksByCategoryHandler","time":"2023-12-24T14:43:32+04:00"}
{"action":"Retrieving books by category","error":"No books found","level":"warning","module":"book_repository","msg":"No books found for category ID:3","time":"2023-12-24T14:53:16+04:00"}
{"action":"Retrieving books by category","error":"No books found for category ID: 3","level":"error","module":"book_handler","msg":"Error in getBooksByCategoryHandler","time":"2023-12-24T14:53:17+04:00"}
{"level":"info","msg":"Retrieved all books successfully.","time":"2023-12-24T15:18:49+04:00"}
{"action":"Retrieving book by ID","error":"Book not Founded:3","level":"error","module":"book_handler","msg":"Error in getBookByIDHandler","time":"2023-12-24T15:19:22+04:00"}
{"level":"info","msg":"Retrieved all books successfully.","time":"2023-12-24T15:23:59+04:00"}
{"level":"info","msg":"Retrieved all books successfully.","time":"2023-12-24T15:24:47+04:00"}
{"level":"info","msg":"Retrieved all books successfully.","time":"2023-12-24T15:31:40+04:00"}
{"error":"Key: 'Book.Title' Error:Field validation for 'Title' failed on the 'required' tag\nKey: 'Book.ISBN' Error:Field validation for 'ISBN' failed on the 'required' tag\nKey: 'Book.Price' Error:Field validation for 'Price' failed on the 'required' tag\nKey: 'Book.Stock' Error:Field validation for 'Stock' failed on the 'required' tag","level":"error","msg":"Validation failed for book creation","time":"2023-12-24T15:38:57+04:00","where":"createBookHandler"}
{"error":"Key: 'Book.Title' Error:Field validation for 'Title' failed on the 'required' tag\nKey: 'Book.ISBN' Error:Field validation for 'ISBN' failed on the 'required' tag\nKey: 'Book.Price' Error:Field validation for 'Price' failed on the 'required' tag\nKey: 'Book.Stock' Error:Field validation for 'Stock' failed on the 'required' tag","level":"error","msg":"Validation failed for book creation","time":"2023-12-24T15:39:06+04:00","where":"createBookHandler"}
{"level":"info","msg":"Retrieved all books successfully.","time":"2023-12-24T15:40:29+04:00"}
{"level":"info","msg":"Retrieved all books successfully.","time":"2023-12-24T15:40:34+04:00"}
{"level":"info","method":"GET","msg":"Received book request","path":"/books","time":"2023-12-24T16:10:07+04:00"}
{"level":"info","method":"GET","msg":"Received book request","path":"/books","time":"2023-12-24T16:10:17+04:00"}
{"level":"info","method":"GET","msg":"Received book request","path":"/books/2","time":"2023-12-24T16:11:46+04:00"}
{"action":"Retrieving book by ID","error":"Book not Founded:2","level":"error","module":"book_handler","msg":"Error in getBookByIDHandler","time":"2023-12-24T16:11:47+04:00","where":"getBookByIdHandler"}
{"level":"info","method":"GET","msg":"Received book request","path":"/books/2","time":"2023-12-24T16:31:10+04:00"}
{"action":"Retrieving book by ID","error":"Book not Founded:2","level":"error","module":"book_handler","msg":"Error in getBookByIDHandler","time":"2023-12-24T16:31:11+04:00","where":"getBookByIdHandler"}
{"browser":"Mozilla/5.0 (Windows NT 6.3; Win64; x64) AppleWebKit/537.36 (KHTML, like Gecko) Chrome/109.0.0.0 Safari/537.36 Edg/109.0.1518.140","ip":"[::1]:61596","level":"info","method":"GET","msg":"Received book request","os":"Mozilla/5.0 (Windows NT 6.3; Win64; x64) AppleWebKit/537.36 (KHTML, like Gecko) Chrome/109.0.0.0 Safari/537.36 Edg/109.0.1518.140","path":"/books","time":"2023-12-24T16:50:40+04:00"}
{"browser":"Mozilla/5.0 (Windows NT 6.3; Win64; x64) AppleWebKit/537.36 (KHTML, like Gecko) Chrome/109.0.0.0 Safari/537.36 Edg/109.0.1518.140","fields.time":"2023-12-24T16:55:31.4302906+04:00","ip":"[::1]:62895","level":"info","method":"GET","msg":"Received book request","os":"Mozilla/5.0 (Windows NT 6.3; Win64; x64) AppleWebKit/537.36 (KHTML, like Gecko) Chrome/109.0.0.0 Safari/537.36 Edg/109.0.1518.140","path":"/books","time":"2023-12-24T16:55:31+04:00"}
{"browser":"Mozilla/5.0 (Windows NT 6.3; Win64; x64) AppleWebKit/537.36 (KHTML, like Gecko) Chrome/109.0.0.0 Safari/537.36 Edg/109.0.1518.140","fields.time":"2023-12-24T16:59:53.35807+04:00","ip":"[::1]:64197","level":"info","method":"GET","msg":"received book request","os":"Mozilla/5.0 (Windows NT 6.3; Win64; x64) AppleWebKit/537.36 (KHTML, like Gecko) Chrome/109.0.0.0 Safari/537.36 Edg/109.0.1518.140","path":"/books","time":"2023-12-24T16:59:53+04:00"}
{"browser":"Mozilla/5.0 (Windows NT 6.3; Win64; x64) AppleWebKit/537.36 (KHTML, like Gecko) Chrome/109.0.0.0 Safari/537.36 Edg/109.0.1518.140","fields.time":"2023-12-24T17:44:43.2690057+04:00","ip":"[::1]:62024","level":"info","method":"GET","msg":"received book request","os":"Mozilla/5.0 (Windows NT 6.3; Win64; x64) AppleWebKit/537.36 (KHTML, like Gecko) Chrome/109.0.0.0 Safari/537.36 Edg/109.0.1518.140","path":"/books","time":"2023-12-24T17:44:43+04:00"}
{"browser":"Mozilla/5.0 (Windows NT 6.3; Win64; x64) AppleWebKit/537.36 (KHTML, like Gecko) Chrome/109.0.0.0 Safari/537.36 Edg/109.0.1518.140","fields.time":"2023-12-24T19:15:03.9338593+04:00","ip":"[::1]:51182","level":"info","method":"GET","msg":"received book request","os":"Mozilla/5.0 (Windows NT 6.3; Win64; x64) AppleWebKit/537.36 (KHTML, like Gecko) Chrome/109.0.0.0 Safari/537.36 Edg/109.0.1518.140","path":"/books","time":"2023-12-24T19:15:03+04:00"}
{"fields.time":"2023-12-24T21:17:44.2458186+04:00","level":"info","method":"GET","msg":"Reseceived  book request on middleware","os":"Mozilla/5.0 (Windows NT 6.3; Win64; x64) AppleWebKit/537.36 (KHTML, like Gecko) Chrome/109.0.0.0 Safari/537.36 Edg/109.0.1518.140","path":"/books","time":"2023-12-24T21:17:44+04:00"}
{"fields.time":"2023-12-25T12:04:24.5484211+04:00","level":"info","method":"GET","msg":"Reseceived  book request on middleware","os":"Mozilla/5.0 (Windows NT 6.3; Win64; x64) AppleWebKit/537.36 (KHTML, like Gecko) Chrome/109.0.0.0 Safari/537.36 Edg/109.0.1518.140","path":"/books","time":"2023-12-25T12:04:24+04:00"}
{"fields.time":"2023-12-25T12:04:34.2910602+04:00","level":"info","method":"GET","msg":"Reseceived  book request on middleware","os":"Mozilla/5.0 (Windows NT 6.3; Win64; x64) AppleWebKit/537.36 (KHTML, like Gecko) Chrome/109.0.0.0 Safari/537.36 Edg/109.0.1518.140","path":"/books/1","time":"2023-12-25T12:04:34+04:00"}
{"action":"Retrieving book by ID","error":"Book not Founded:1","level":"error","module":"book_handler","msg":"Error in getBookByIDHandler","time":"2023-12-25T12:04:34+04:00","where":"getBookByIdHandler"}
{"fields.time":"2023-12-25T12:04:37.3653622+04:00","level":"info","method":"GET","msg":"Reseceived  book request on middleware","os":"Mozilla/5.0 (Windows NT 6.3; Win64; x64) AppleWebKit/537.36 (KHTML, like Gecko) Chrome/109.0.0.0 Safari/537.36 Edg/109.0.1518.140","path":"/books/3","time":"2023-12-25T12:04:37+04:00"}
{"action":"Retrieving book by ID","error":"Book not Founded:3","level":"error","module":"book_handler","msg":"Error in getBookByIDHandler","time":"2023-12-25T12:04:37+04:00","where":"getBookByIdHandler"}
{"fields.time":"2023-12-25T12:04:39.9881105+04:00","level":"info","method":"GET","msg":"Reseceived  book request on middleware","os":"Mozilla/5.0 (Windows NT 6.3; Win64; x64) AppleWebKit/537.36 (KHTML, like Gecko) Chrome/109.0.0.0 Safari/537.36 Edg/109.0.1518.140","path":"/books/10","time":"2023-12-25T12:04:39+04:00"}
{"action":"Retrieving book by ID","error":"Book not Founded:10","level":"error","module":"book_handler","msg":"Error in getBookByIDHandler","time":"2023-12-25T12:04:40+04:00","where":"getBookByIdHandler"}
{"fields.time":"2023-12-25T12:04:43.1054178+04:00","level":"info","method":"GET","msg":"Reseceived  book request on middleware","os":"Mozilla/5.0 (Windows NT 6.3; Win64; x64) AppleWebKit/537.36 (KHTML, like Gecko) Chrome/109.0.0.0 Safari/537.36 Edg/109.0.1518.140","path":"/books/12","time":"2023-12-25T12:04:43+04:00"}
{"fields.time":"2023-12-25T12:20:42.517943+04:00","level":"info","method":"GET","msg":"Reseceived  book request on middleware","os":"Mozilla/5.0 (Windows NT 6.3; Win64; x64) AppleWebKit/537.36 (KHTML, like Gecko) Chrome/109.0.0.0 Safari/537.36 Edg/109.0.1518.140","path":"/books/12","time":"2023-12-25T12:20:42+04:00"}
{"fields.time":"2023-12-25T12:20:46.9409161+04:00","level":"info","method":"GET","msg":"Reseceived  book request on middleware","os":"Mozilla/5.0 (Windows NT 6.3; Win64; x64) AppleWebKit/537.36 (KHTML, like Gecko) Chrome/109.0.0.0 Safari/537.36 Edg/109.0.1518.140","path":"/books/12","time":"2023-12-25T12:20:46+04:00"}
{"fields.time":"2023-12-25T12:20:49.9331189+04:00","level":"info","method":"GET","msg":"Reseceived  book request on middleware","os":"Mozilla/5.0 (Windows NT 6.3; Win64; x64) AppleWebKit/537.36 (KHTML, like Gecko) Chrome/109.0.0.0 Safari/537.36 Edg/109.0.1518.140","path":"/books/12","time":"2023-12-25T12:20:49+04:00"}
{"fields.time":"2023-12-25T12:20:52.6938332+04:00","level":"info","method":"GET","msg":"Reseceived  book request on middleware","os":"Mozilla/5.0 (Windows NT 6.3; Win64; x64) AppleWebKit/537.36 (KHTML, like Gecko) Chrome/109.0.0.0 Safari/537.36 Edg/109.0.1518.140","path":"/books/12","time":"2023-12-25T12:20:52+04:00"}
{"fields.time":"2023-12-25T13:09:37.2248323+04:00","level":"info","method":"GET","msg":"Reseceived  book request on middleware","os":"Mozilla/5.0 (Windows NT 6.3; Win64; x64) AppleWebKit/537.36 (KHTML, like Gecko) Chrome/109.0.0.0 Safari/537.36 Edg/109.0.1518.140","path":"/books/12","time":"2023-12-25T13:09:37+04:00"}
{"fields.time":"2023-12-25T17:12:44.240746+04:00","level":"info","method":"GET","msg":"Reseceived  book request on middleware","os":"Mozilla/5.0 (Windows NT 6.3; Win64; x64) AppleWebKit/537.36 (KHTML, like Gecko) Chrome/109.0.0.0 Safari/537.36 Edg/109.0.1518.140","path":"/books/12","time":"2023-12-25T17:12:44+04:00"}
{"fields.time":"2023-12-25T18:00:33.5858007+04:00","level":"info","method":"POST","msg":"Reseceived  book request on middleware","os":"PostmanRuntime/7.36.0","path":"/users/","time":"2023-12-25T18:00:33+04:00"}
{"error":"ОШИБКА: столбец \"password_hash\" в таблице \"users\" не существует (SQLSTATE 42703)","level":"error","module":"user_repository","msg":"Failed to Create User","time":"2023-12-25T18:00:34+04:00","user":"hesen152@gmail.com","where":"CreateUserRepository"}
{"level":"error","msg":"Error occurred during creating new user: ОШИБКА: столбец \"password_hash\" в таблице \"users\" не существует (SQLSTATE 42703), User: hesen152@gmail.com","time":"2023-12-25T18:00:34+04:00"}
{"email":"Hesen","error":"uunable to create user","level":"error","msg":"Failed to register user","name":"Hesen","service":"RegusterUser","time":"2023-12-25T18:00:34+04:00","timestamp":"2023-12-25T18:00:34+04:00"}
{"fields.time":"2023-12-25T18:17:42.6600443+04:00","level":"info","method":"POST","msg":"Reseceived  book request on middleware","os":"PostmanRuntime/7.36.0","path":"/users/","time":"2023-12-25T18:17:42+04:00"}
{"error":"ОШИБКА: столбец \"password_hash\" в таблице \"users\" не существует (SQLSTATE 42703)","level":"error","module":"user_repository","msg":"Failed to Create User","time":"2023-12-25T18:17:43+04:00","user":"hesen152@gmail.com","where":"CreateUserRepository"}
{"level":"error","msg":"Error occurred during creating new user: ОШИБКА: столбец \"password_hash\" в таблице \"users\" не существует (SQLSTATE 42703), User: hesen152@gmail.com","time":"2023-12-25T18:17:43+04:00"}
{"email":"Hesen","error":"uunable to create user","level":"error","msg":"Failed to register user","name":"Hesen","service":"RegusterUser","time":"2023-12-25T18:17:44+04:00","timestamp":"2023-12-25T18:17:44+04:00"}
{"fields.time":"2023-12-25T18:19:00.7052719+04:00","level":"info","method":"POST","msg":"Reseceived  book request on middleware","os":"PostmanRuntime/7.36.0","path":"/users/","time":"2023-12-25T18:19:00+04:00"}
{"error":"ОШИБКА: столбец \"password_hash\" в таблице \"users\" не существует (SQLSTATE 42703)","level":"error","module":"user_repository","msg":"Failed to Create User","time":"2023-12-25T18:19:00+04:00","user":"hesen152@gmail.com","where":"CreateUserRepository(repository)"}
{"level":"error","msg":"Error occurred during creating new user: ОШИБКА: столбец \"password_hash\" в таблице \"users\" не существует (SQLSTATE 42703), User: hesen152@gmail.com","time":"2023-12-25T18:19:01+04:00"}
{"email":"Hesen","error":"uunable to create user","level":"error","msg":"Failed to register user","name":"Hesen","service":"RegusterUser(Service)","time":"2023-12-25T18:19:01+04:00","timestamp":"2023-12-25T18:19:01+04:00"}
{"fields.time":"2023-12-25T18:20:20.437594+04:00","level":"info","method":"POST","msg":"Reseceived  book request on middleware","os":"PostmanRuntime/7.36.0","path":"/users/","time":"2023-12-25T18:20:20+04:00"}
{"error":"ОШИБКА: столбец \"password_hash\" в таблице \"users\" не существует (SQLSTATE 42703)","level":"error","module":"user_repository","msg":"Failed to Create User","time":"2023-12-25T18:20:20+04:00","user":"hesen152@gmail.com","where":"CreateUserRepository(repository)"}
{"level":"error","msg":"Error occurred during creating new user: ОШИБКА: столбец \"password_hash\" в таблице \"users\" не существует (SQLSTATE 42703), User: hesen152@gmail.com","time":"2023-12-25T18:20:20+04:00"}
{"email":"Hesen","error":"uunable to create user","level":"error","msg":"Failed to register user","name":"Hesen","service":"RegusterUser(Service)","time":"2023-12-25T18:20:20+04:00","timestamp":"2023-12-25T18:20:20+04:00"}
{"fields.time":"2023-12-25T19:03:03.1610667+04:00","level":"info","method":"POST","msg":"Reseceived  book request on middleware","os":"PostmanRuntime/7.36.0","path":"/users/","time":"2023-12-25T19:03:03+04:00"}
{"error":"ОШИБКА: столбец \"password_hash\" в таблице \"users\" не существует (SQLSTATE 42703)","level":"error","module":"user_repository","msg":"Failed to Create User","time":"2023-12-25T19:03:03+04:00","user":"hesen152@gmail.com","where":"RegisterUser(repository)"}
{"level":"error","msg":"Error occurred during creating new user: ОШИБКА: столбец \"password_hash\" в таблице \"users\" не существует (SQLSTATE 42703), User: hesen152@gmail.com","time":"2023-12-25T19:03:03+04:00"}
{"email":"hesen152@gmail.com","error":"uunable to create user","level":"error","msg":"Failed to register user(Service)","name":"Hesen","service":"RegusterUser(Service)","time":"2023-12-25T19:03:03+04:00","timestamp":"2023-12-25T19:03:03+04:00"}
{"action":"Registering user","error":"failed to create user","level":"error","msg":"Failed to register user","time":"2023-12-25T19:03:03+04:00","where":"userHandler"}
{"fields.time":"2023-12-25T19:19:19.2501497+04:00","level":"info","method":"POST","msg":"Reseceived  book request on middleware","os":"PostmanRuntime/7.36.0","path":"/users/","time":"2023-12-25T19:19:19+04:00"}
{"error":"ОШИБКА: столбец \"is_admin\" в таблице \"users\" не существует (SQLSTATE 42703)","level":"error","module":"user_repository","msg":"Failed to Create User","time":"2023-12-25T19:19:19+04:00","user":"hesen152@gmail.com","where":"RegisterUser(repository)"}
{"level":"error","msg":"Error occurred during creating new user: ОШИБКА: столбец \"is_admin\" в таблице \"users\" не существует (SQLSTATE 42703), User: hesen152@gmail.com","time":"2023-12-25T19:19:19+04:00"}
{"email":"hesen152@gmail.com","error":"uunable to create user","level":"error","msg":"Failed to register user(Service)","name":"Hesen","service":"RegusterUser(Service)","time":"2023-12-25T19:19:19+04:00","timestamp":"2023-12-25T19:19:19+04:00"}
{"action":"Registering user","error":"failed to create user","level":"error","msg":"Failed to register user","time":"2023-12-25T19:19:20+04:00","where":"userHandler"}
{"fields.time":"2023-12-25T19:37:23.8277128+04:00","level":"info","method":"POST","msg":"Reseceived  book request on middleware","os":"PostmanRuntime/7.36.0","path":"/users/","time":"2023-12-25T19:37:23+04:00"}
{"error":"ОШИБКА: столбец \"is_admin\" в таблице \"users\" не существует (SQLSTATE 42703)","level":"error","module":"user_repository","msg":"Failed to Create User","time":"2023-12-25T19:37:24+04:00","user":"hesen152@gmail.com","where":"RegisterUser(repository)"}
{"level":"error","msg":"Error occurred during creating new user: ОШИБКА: столбец \"is_admin\" в таблице \"users\" не существует (SQLSTATE 42703), User: hesen152@gmail.com","time":"2023-12-25T19:37:24+04:00"}
{"email":"hesen152@gmail.com","error":"uunable to create user","level":"error","msg":"Failed to register user(Service)","name":"Hesen","service":"RegusterUser(Service)","time":"2023-12-25T19:37:24+04:00","timestamp":"2023-12-25T19:37:24+04:00"}
{"action":"Registering user","error":"failed to create user","level":"error","msg":"Failed to register user","time":"2023-12-25T19:37:24+04:00","where":"userHandler"}
{"fields.time":"2023-12-25T19:41:39.9370246+04:00","level":"info","method":"POST","msg":"Reseceived  book request on middleware","os":"PostmanRuntime/7.36.0","path":"/users/","time":"2023-12-25T19:41:39+04:00"}
{"fields.time":"2023-12-25T20:55:46.4453322+04:00","level":"info","method":"POST","msg":"Reseceived  book request on middleware","os":"PostmanRuntime/7.36.0","path":"/users/","time":"2023-12-25T20:55:46+04:00"}
{"action":"Registering user","error":"email already exist","level":"error","msg":"Failed to register user","time":"2023-12-25T20:55:46+04:00","where":"userHandler"}
{"fields.time":"2023-12-26T23:41:36.3865869+04:00","level":"info","method":"GET","msg":"Reseceived  book request on middleware","os":"Mozilla/5.0 (Windows NT 6.3; Win64; x64) AppleWebKit/537.36 (KHTML, like Gecko) Chrome/109.0.0.0 Safari/537.36 Edg/109.0.1518.140","path":"/books/12","time":"2023-12-26T23:41:36+04:00"}
{"fields.time":"2023-12-26T23:41:45.3202085+04:00","level":"info","method":"GET","msg":"Reseceived  book request on middleware","os":"Mozilla/5.0 (Windows NT 6.3; Win64; x64) AppleWebKit/537.36 (KHTML, like Gecko) Chrome/109.0.0.0 Safari/537.36 Edg/109.0.1518.140","path":"/books","time":"2023-12-26T23:41:45+04:00"}
{"fields.time":"2023-12-26T23:41:46.994605+04:00","level":"info","method":"GET","msg":"Reseceived  book request on middleware","os":"Mozilla/5.0 (Windows NT 6.3; Win64; x64) AppleWebKit/537.36 (KHTML, like Gecko) Chrome/109.0.0.0 Safari/537.36 Edg/109.0.1518.140","path":"/books","time":"2023-12-26T23:41:46+04:00"}
{"fields.time":"2023-12-26T23:46:04.1768925+04:00","level":"info","method":"GET","msg":"Reseceived  book request on middleware","os":"Mozilla/5.0 (Windows NT 6.3; Win64; x64) AppleWebKit/537.36 (KHTML, like Gecko) Chrome/109.0.0.0 Safari/537.36 Edg/109.0.1518.140","path":"/books","time":"2023-12-26T23:46:04+04:00"}
{"fields.time":"2023-12-26T23:47:17.8472157+04:00","level":"info","method":"GET","msg":"Reseceived  book request on middleware","os":"Mozilla/5.0 (Windows NT 6.3; Win64; x64) AppleWebKit/537.36 (KHTML, like Gecko) Chrome/109.0.0.0 Safari/537.36 Edg/109.0.1518.140","path":"/books","time":"2023-12-26T23:47:17+04:00"}
{"action":"Registering user","error":"email already exist","level":"error","msg":"Failed to register user","time":"2023-12-27T13:47:59+04:00","where":"userHandler"}
